This file contains any messages produced by compilers while
running configure, to aid debugging if configure makes a mistake.

It was created by check_interfaces configure 1.4, which was
generated by GNU Autoconf 2.69.  Invocation command line was

  $ ./configure 

## --------- ##
## Platform. ##
## --------- ##

hostname = icinga
uname -m = x86_64
uname -r = 4.4.21-1-pve
uname -s = Linux
uname -v = #1 SMP Thu Oct 27 09:31:44 CEST 2016

/usr/bin/uname -p = unknown
/bin/uname -X     = unknown

/bin/arch              = unknown
/usr/bin/arch -k       = unknown
/usr/convex/getsysinfo = unknown
/usr/bin/hostinfo      = unknown
/bin/machine           = unknown
/usr/bin/oslevel       = unknown
/bin/universe          = unknown

PATH: /usr/local/sbin
PATH: /usr/local/bin
PATH: /usr/sbin
PATH: /usr/bin
PATH: /sbin
PATH: /bin


## ----------- ##
## Core tests. ##
## ----------- ##

configure:2075: checking for gcc
configure:2091: found /usr/bin/gcc
configure:2102: result: gcc
configure:2331: checking for C compiler version
configure:2340: gcc --version >&5
gcc (Debian 4.9.2-10) 4.9.2
Copyright (C) 2014 Free Software Foundation, Inc.
This is free software; see the source for copying conditions.  There is NO
warranty; not even for MERCHANTABILITY or FITNESS FOR A PARTICULAR PURPOSE.

configure:2351: $? = 0
configure:2340: gcc -v >&5
Using built-in specs.
COLLECT_GCC=gcc
COLLECT_LTO_WRAPPER=/usr/lib/gcc/x86_64-linux-gnu/4.9/lto-wrapper
Target: x86_64-linux-gnu
Configured with: ../src/configure -v --with-pkgversion='Debian 4.9.2-10' --with-bugurl=file:///usr/share/doc/gcc-4.9/README.Bugs --enable-languages=c,c++,java,go,d,fortran,objc,obj-c++ --prefix=/usr --program-suffix=-4.9 --enable-shared --enable-linker-build-id --libexecdir=/usr/lib --without-included-gettext --enable-threads=posix --with-gxx-include-dir=/usr/include/c++/4.9 --libdir=/usr/lib --enable-nls --with-sysroot=/ --enable-clocale=gnu --enable-libstdcxx-debug --enable-libstdcxx-time=yes --enable-gnu-unique-object --disable-vtable-verify --enable-plugin --with-system-zlib --disable-browser-plugin --enable-java-awt=gtk --enable-gtk-cairo --with-java-home=/usr/lib/jvm/java-1.5.0-gcj-4.9-amd64/jre --enable-java-home --with-jvm-root-dir=/usr/lib/jvm/java-1.5.0-gcj-4.9-amd64 --with-jvm-jar-dir=/usr/lib/jvm-exports/java-1.5.0-gcj-4.9-amd64 --with-arch-directory=amd64 --with-ecj-jar=/usr/share/java/eclipse-ecj.jar --enable-objc-gc --enable-multiarch --with-arch-32=i586 --with-abi=m64 --with-multilib-list=m32,m64,mx32 --enable-multilib --with-tune=generic --enable-checking=release --build=x86_64-linux-gnu --host=x86_64-linux-gnu --target=x86_64-linux-gnu
Thread model: posix
gcc version 4.9.2 (Debian 4.9.2-10) 
configure:2351: $? = 0
configure:2340: gcc -V >&5
gcc: error: unrecognized command line option '-V'
gcc: fatal error: no input files
compilation terminated.
configure:2351: $? = 4
configure:2340: gcc -qversion >&5
gcc: error: unrecognized command line option '-qversion'
gcc: fatal error: no input files
compilation terminated.
configure:2351: $? = 4
configure:2371: checking whether the C compiler works
configure:2393: gcc    conftest.c  >&5
configure:2397: $? = 0
configure:2445: result: yes
configure:2448: checking for C compiler default output file name
configure:2450: result: a.out
configure:2456: checking for suffix of executables
configure:2463: gcc -o conftest    conftest.c  >&5
configure:2467: $? = 0
configure:2489: result: 
configure:2511: checking whether we are cross compiling
configure:2519: gcc -o conftest    conftest.c  >&5
configure:2523: $? = 0
configure:2530: ./conftest
configure:2534: $? = 0
configure:2549: result: no
configure:2554: checking for suffix of object files
configure:2576: gcc -c   conftest.c >&5
configure:2580: $? = 0
configure:2601: result: o
configure:2605: checking whether we are using the GNU C compiler
configure:2624: gcc -c   conftest.c >&5
configure:2624: $? = 0
configure:2633: result: yes
configure:2642: checking whether gcc accepts -g
configure:2662: gcc -c -g  conftest.c >&5
configure:2662: $? = 0
configure:2703: result: yes
configure:2720: checking for gcc option to accept ISO C89
configure:2783: gcc  -c -g -O2  conftest.c >&5
configure:2783: $? = 0
configure:2796: result: none needed
configure:2859: checking for a BSD-compatible install
configure:2927: result: /usr/bin/install -c
configure:2944: checking for net-snmp-config
configure:2962: found /usr/bin/net-snmp-config
configure:2974: result: /usr/bin/net-snmp-config
configure:3017: checking how to run the C preprocessor
configure:3048: gcc -E  conftest.c
configure:3048: $? = 0
configure:3062: gcc -E  conftest.c
conftest.c:9:28: fatal error: ac_nonexistent.h: No such file or directory
 #include <ac_nonexistent.h>
                            ^
compilation terminated.
configure:3062: $? = 1
configure: failed program was:
| /* confdefs.h */
| #define PACKAGE_NAME "check_interfaces"
| #define PACKAGE_TARNAME "check_interfaces"
| #define PACKAGE_VERSION "1.4"
| #define PACKAGE_STRING "check_interfaces 1.4"
| #define PACKAGE_BUGREPORT ""
| #define PACKAGE_URL ""
| /* end confdefs.h.  */
| #include <ac_nonexistent.h>
configure:3087: result: gcc -E
configure:3107: gcc -E  conftest.c
configure:3107: $? = 0
configure:3121: gcc -E  conftest.c
conftest.c:9:28: fatal error: ac_nonexistent.h: No such file or directory
 #include <ac_nonexistent.h>
                            ^
compilation terminated.
configure:3121: $? = 1
configure: failed program was:
| /* confdefs.h */
| #define PACKAGE_NAME "check_interfaces"
| #define PACKAGE_TARNAME "check_interfaces"
| #define PACKAGE_VERSION "1.4"
| #define PACKAGE_STRING "check_interfaces 1.4"
| #define PACKAGE_BUGREPORT ""
| #define PACKAGE_URL ""
| /* end confdefs.h.  */
| #include <ac_nonexistent.h>
configure:3150: checking for grep that handles long lines and -e
configure:3208: result: /bin/grep
configure:3213: checking for egrep
configure:3275: result: /bin/grep -E
configure:3280: checking for ANSI C header files
configure:3300: gcc -c -g -O2 -DNETSNMP_ENABLE_IPV6 -fno-strict-aliasing -g -O2 -fstack-protector-strong -Wformat -Werror=format-security -DNETSNMP_USE_INLINE -Ulinux -Dlinux=linux -D_REENTRANT -D_GNU_SOURCE -DDEBIAN -fwrapv -fno-strict-aliasing -pipe -I/usr/local/include -D_LARGEFILE_SOURCE -D_FILE_OFFSET_BITS=64 -I/usr/lib/x86_64-linux-gnu/perl/5.20/CORE -D_FORTIFY_SOURCE=2 -I. -I/usr/include  conftest.c >&5
configure:3300: $? = 0
configure:3373: gcc -o conftest -g -O2 -DNETSNMP_ENABLE_IPV6 -fno-strict-aliasing -g -O2 -fstack-protector-strong -Wformat -Werror=format-security -DNETSNMP_USE_INLINE -Ulinux -Dlinux=linux -D_REENTRANT -D_GNU_SOURCE -DDEBIAN -fwrapv -fno-strict-aliasing -pipe -I/usr/local/include -D_LARGEFILE_SOURCE -D_FILE_OFFSET_BITS=64 -I/usr/lib/x86_64-linux-gnu/perl/5.20/CORE -D_FORTIFY_SOURCE=2 -I. -I/usr/include   conftest.c  >&5
configure:3373: $? = 0
configure:3373: ./conftest
configure:3373: $? = 0
configure:3384: result: yes
configure:3397: checking for sys/types.h
configure:3397: gcc -c -g -O2 -DNETSNMP_ENABLE_IPV6 -fno-strict-aliasing -g -O2 -fstack-protector-strong -Wformat -Werror=format-security -DNETSNMP_USE_INLINE -Ulinux -Dlinux=linux -D_REENTRANT -D_GNU_SOURCE -DDEBIAN -fwrapv -fno-strict-aliasing -pipe -I/usr/local/include -D_LARGEFILE_SOURCE -D_FILE_OFFSET_BITS=64 -I/usr/lib/x86_64-linux-gnu/perl/5.20/CORE -D_FORTIFY_SOURCE=2 -I. -I/usr/include  conftest.c >&5
configure:3397: $? = 0
configure:3397: result: yes
configure:3397: checking for sys/stat.h
configure:3397: gcc -c -g -O2 -DNETSNMP_ENABLE_IPV6 -fno-strict-aliasing -g -O2 -fstack-protector-strong -Wformat -Werror=format-security -DNETSNMP_USE_INLINE -Ulinux -Dlinux=linux -D_REENTRANT -D_GNU_SOURCE -DDEBIAN -fwrapv -fno-strict-aliasing -pipe -I/usr/local/include -D_LARGEFILE_SOURCE -D_FILE_OFFSET_BITS=64 -I/usr/lib/x86_64-linux-gnu/perl/5.20/CORE -D_FORTIFY_SOURCE=2 -I. -I/usr/include  conftest.c >&5
configure:3397: $? = 0
configure:3397: result: yes
configure:3397: checking for stdlib.h
configure:3397: gcc -c -g -O2 -DNETSNMP_ENABLE_IPV6 -fno-strict-aliasing -g -O2 -fstack-protector-strong -Wformat -Werror=format-security -DNETSNMP_USE_INLINE -Ulinux -Dlinux=linux -D_REENTRANT -D_GNU_SOURCE -DDEBIAN -fwrapv -fno-strict-aliasing -pipe -I/usr/local/include -D_LARGEFILE_SOURCE -D_FILE_OFFSET_BITS=64 -I/usr/lib/x86_64-linux-gnu/perl/5.20/CORE -D_FORTIFY_SOURCE=2 -I. -I/usr/include  conftest.c >&5
configure:3397: $? = 0
configure:3397: result: yes
configure:3397: checking for string.h
configure:3397: gcc -c -g -O2 -DNETSNMP_ENABLE_IPV6 -fno-strict-aliasing -g -O2 -fstack-protector-strong -Wformat -Werror=format-security -DNETSNMP_USE_INLINE -Ulinux -Dlinux=linux -D_REENTRANT -D_GNU_SOURCE -DDEBIAN -fwrapv -fno-strict-aliasing -pipe -I/usr/local/include -D_LARGEFILE_SOURCE -D_FILE_OFFSET_BITS=64 -I/usr/lib/x86_64-linux-gnu/perl/5.20/CORE -D_FORTIFY_SOURCE=2 -I. -I/usr/include  conftest.c >&5
configure:3397: $? = 0
configure:3397: result: yes
configure:3397: checking for memory.h
configure:3397: gcc -c -g -O2 -DNETSNMP_ENABLE_IPV6 -fno-strict-aliasing -g -O2 -fstack-protector-strong -Wformat -Werror=format-security -DNETSNMP_USE_INLINE -Ulinux -Dlinux=linux -D_REENTRANT -D_GNU_SOURCE -DDEBIAN -fwrapv -fno-strict-aliasing -pipe -I/usr/local/include -D_LARGEFILE_SOURCE -D_FILE_OFFSET_BITS=64 -I/usr/lib/x86_64-linux-gnu/perl/5.20/CORE -D_FORTIFY_SOURCE=2 -I. -I/usr/include  conftest.c >&5
configure:3397: $? = 0
configure:3397: result: yes
configure:3397: checking for strings.h
configure:3397: gcc -c -g -O2 -DNETSNMP_ENABLE_IPV6 -fno-strict-aliasing -g -O2 -fstack-protector-strong -Wformat -Werror=format-security -DNETSNMP_USE_INLINE -Ulinux -Dlinux=linux -D_REENTRANT -D_GNU_SOURCE -DDEBIAN -fwrapv -fno-strict-aliasing -pipe -I/usr/local/include -D_LARGEFILE_SOURCE -D_FILE_OFFSET_BITS=64 -I/usr/lib/x86_64-linux-gnu/perl/5.20/CORE -D_FORTIFY_SOURCE=2 -I. -I/usr/include  conftest.c >&5
configure:3397: $? = 0
configure:3397: result: yes
configure:3397: checking for inttypes.h
configure:3397: gcc -c -g -O2 -DNETSNMP_ENABLE_IPV6 -fno-strict-aliasing -g -O2 -fstack-protector-strong -Wformat -Werror=format-security -DNETSNMP_USE_INLINE -Ulinux -Dlinux=linux -D_REENTRANT -D_GNU_SOURCE -DDEBIAN -fwrapv -fno-strict-aliasing -pipe -I/usr/local/include -D_LARGEFILE_SOURCE -D_FILE_OFFSET_BITS=64 -I/usr/lib/x86_64-linux-gnu/perl/5.20/CORE -D_FORTIFY_SOURCE=2 -I. -I/usr/include  conftest.c >&5
configure:3397: $? = 0
configure:3397: result: yes
configure:3397: checking for stdint.h
configure:3397: gcc -c -g -O2 -DNETSNMP_ENABLE_IPV6 -fno-strict-aliasing -g -O2 -fstack-protector-strong -Wformat -Werror=format-security -DNETSNMP_USE_INLINE -Ulinux -Dlinux=linux -D_REENTRANT -D_GNU_SOURCE -DDEBIAN -fwrapv -fno-strict-aliasing -pipe -I/usr/local/include -D_LARGEFILE_SOURCE -D_FILE_OFFSET_BITS=64 -I/usr/lib/x86_64-linux-gnu/perl/5.20/CORE -D_FORTIFY_SOURCE=2 -I. -I/usr/include  conftest.c >&5
configure:3397: $? = 0
configure:3397: result: yes
configure:3397: checking for unistd.h
configure:3397: gcc -c -g -O2 -DNETSNMP_ENABLE_IPV6 -fno-strict-aliasing -g -O2 -fstack-protector-strong -Wformat -Werror=format-security -DNETSNMP_USE_INLINE -Ulinux -Dlinux=linux -D_REENTRANT -D_GNU_SOURCE -DDEBIAN -fwrapv -fno-strict-aliasing -pipe -I/usr/local/include -D_LARGEFILE_SOURCE -D_FILE_OFFSET_BITS=64 -I/usr/lib/x86_64-linux-gnu/perl/5.20/CORE -D_FORTIFY_SOURCE=2 -I. -I/usr/include  conftest.c >&5
configure:3397: $? = 0
configure:3397: result: yes
configure:3411: checking net-snmp/net-snmp-config.h usability
configure:3411: gcc -c -g -O2 -DNETSNMP_ENABLE_IPV6 -fno-strict-aliasing -g -O2 -fstack-protector-strong -Wformat -Werror=format-security -DNETSNMP_USE_INLINE -Ulinux -Dlinux=linux -D_REENTRANT -D_GNU_SOURCE -DDEBIAN -fwrapv -fno-strict-aliasing -pipe -I/usr/local/include -D_LARGEFILE_SOURCE -D_FILE_OFFSET_BITS=64 -I/usr/lib/x86_64-linux-gnu/perl/5.20/CORE -D_FORTIFY_SOURCE=2 -I. -I/usr/include  conftest.c >&5
configure:3411: $? = 0
configure:3411: result: yes
configure:3411: checking net-snmp/net-snmp-config.h presence
configure:3411: gcc -E  conftest.c
configure:3411: $? = 0
configure:3411: result: yes
configure:3411: checking for net-snmp/net-snmp-config.h
configure:3411: result: yes
configure:3422: checking for snmp_open in -lnetsnmp
configure:3447: gcc -o conftest -g -O2 -DNETSNMP_ENABLE_IPV6 -fno-strict-aliasing -g -O2 -fstack-protector-strong -Wformat -Werror=format-security -DNETSNMP_USE_INLINE -Ulinux -Dlinux=linux -D_REENTRANT -D_GNU_SOURCE -DDEBIAN -fwrapv -fno-strict-aliasing -pipe -I/usr/local/include -D_LARGEFILE_SOURCE -D_FILE_OFFSET_BITS=64 -I/usr/lib/x86_64-linux-gnu/perl/5.20/CORE -D_FORTIFY_SOURCE=2 -I. -I/usr/include   conftest.c -lnetsnmp   >&5
configure:3447: $? = 0
configure:3456: result: yes
configure:3479: checking for library containing pow
configure:3510: gcc -o conftest -g -O2 -DNETSNMP_ENABLE_IPV6 -fno-strict-aliasing -g -O2 -fstack-protector-strong -Wformat -Werror=format-security -DNETSNMP_USE_INLINE -Ulinux -Dlinux=linux -D_REENTRANT -D_GNU_SOURCE -DDEBIAN -fwrapv -fno-strict-aliasing -pipe -I/usr/local/include -D_LARGEFILE_SOURCE -D_FILE_OFFSET_BITS=64 -I/usr/lib/x86_64-linux-gnu/perl/5.20/CORE -D_FORTIFY_SOURCE=2 -I. -I/usr/include   conftest.c -lnetsnmp  >&5
conftest.c:28:6: warning: conflicting types for built-in function 'pow'
 char pow ();
      ^
/tmp/cc4VNlfi.o: In function `main':
/usr/local/nagiosscripts/check_interfaces/conftest.c:32: undefined reference to `pow'
collect2: error: ld returned 1 exit status
configure:3510: $? = 1
configure: failed program was:
| /* confdefs.h */
| #define PACKAGE_NAME "check_interfaces"
| #define PACKAGE_TARNAME "check_interfaces"
| #define PACKAGE_VERSION "1.4"
| #define PACKAGE_STRING "check_interfaces 1.4"
| #define PACKAGE_BUGREPORT ""
| #define PACKAGE_URL ""
| #define STDC_HEADERS 1
| #define HAVE_SYS_TYPES_H 1
| #define HAVE_SYS_STAT_H 1
| #define HAVE_STDLIB_H 1
| #define HAVE_STRING_H 1
| #define HAVE_MEMORY_H 1
| #define HAVE_STRINGS_H 1
| #define HAVE_INTTYPES_H 1
| #define HAVE_STDINT_H 1
| #define HAVE_UNISTD_H 1
| #define HAVE_NET_SNMP_NET_SNMP_CONFIG_H 1
| #define HAVE_LIBNETSNMP 1
| /* end confdefs.h.  */
| 
| /* Override any GCC internal prototype to avoid an error.
|    Use char because int might match the return type of a GCC
|    builtin and then its argument prototype would still apply.  */
| #ifdef __cplusplus
| extern "C"
| #endif
| char pow ();
| int
| main ()
| {
| return pow ();
|   ;
|   return 0;
| }
configure:3510: gcc -o conftest -g -O2 -DNETSNMP_ENABLE_IPV6 -fno-strict-aliasing -g -O2 -fstack-protector-strong -Wformat -Werror=format-security -DNETSNMP_USE_INLINE -Ulinux -Dlinux=linux -D_REENTRANT -D_GNU_SOURCE -DDEBIAN -fwrapv -fno-strict-aliasing -pipe -I/usr/local/include -D_LARGEFILE_SOURCE -D_FILE_OFFSET_BITS=64 -I/usr/lib/x86_64-linux-gnu/perl/5.20/CORE -D_FORTIFY_SOURCE=2 -I. -I/usr/include   conftest.c -lc  -lnetsnmp  >&5
conftest.c:28:6: warning: conflicting types for built-in function 'pow'
 char pow ();
      ^
/tmp/ccVpmBbl.o: In function `main':
/usr/local/nagiosscripts/check_interfaces/conftest.c:32: undefined reference to `pow'
collect2: error: ld returned 1 exit status
configure:3510: $? = 1
configure: failed program was:
| /* confdefs.h */
| #define PACKAGE_NAME "check_interfaces"
| #define PACKAGE_TARNAME "check_interfaces"
| #define PACKAGE_VERSION "1.4"
| #define PACKAGE_STRING "check_interfaces 1.4"
| #define PACKAGE_BUGREPORT ""
| #define PACKAGE_URL ""
| #define STDC_HEADERS 1
| #define HAVE_SYS_TYPES_H 1
| #define HAVE_SYS_STAT_H 1
| #define HAVE_STDLIB_H 1
| #define HAVE_STRING_H 1
| #define HAVE_MEMORY_H 1
| #define HAVE_STRINGS_H 1
| #define HAVE_INTTYPES_H 1
| #define HAVE_STDINT_H 1
| #define HAVE_UNISTD_H 1
| #define HAVE_NET_SNMP_NET_SNMP_CONFIG_H 1
| #define HAVE_LIBNETSNMP 1
| /* end confdefs.h.  */
| 
| /* Override any GCC internal prototype to avoid an error.
|    Use char because int might match the return type of a GCC
|    builtin and then its argument prototype would still apply.  */
| #ifdef __cplusplus
| extern "C"
| #endif
| char pow ();
| int
| main ()
| {
| return pow ();
|   ;
|   return 0;
| }
configure:3510: gcc -o conftest -g -O2 -DNETSNMP_ENABLE_IPV6 -fno-strict-aliasing -g -O2 -fstack-protector-strong -Wformat -Werror=format-security -DNETSNMP_USE_INLINE -Ulinux -Dlinux=linux -D_REENTRANT -D_GNU_SOURCE -DDEBIAN -fwrapv -fno-strict-aliasing -pipe -I/usr/local/include -D_LARGEFILE_SOURCE -D_FILE_OFFSET_BITS=64 -I/usr/lib/x86_64-linux-gnu/perl/5.20/CORE -D_FORTIFY_SOURCE=2 -I. -I/usr/include   conftest.c -lm  -lnetsnmp  >&5
conftest.c:28:6: warning: conflicting types for built-in function 'pow'
 char pow ();
      ^
configure:3510: $? = 0
configure:3527: result: -lm
configure:3537: checking for library containing getaddrinfo
configure:3568: gcc -o conftest -g -O2 -DNETSNMP_ENABLE_IPV6 -fno-strict-aliasing -g -O2 -fstack-protector-strong -Wformat -Werror=format-security -DNETSNMP_USE_INLINE -Ulinux -Dlinux=linux -D_REENTRANT -D_GNU_SOURCE -DDEBIAN -fwrapv -fno-strict-aliasing -pipe -I/usr/local/include -D_LARGEFILE_SOURCE -D_FILE_OFFSET_BITS=64 -I/usr/lib/x86_64-linux-gnu/perl/5.20/CORE -D_FORTIFY_SOURCE=2 -I. -I/usr/include   conftest.c -lm -lnetsnmp  >&5
configure:3568: $? = 0
configure:3585: result: none required
configure:3749: creating ./config.status

## ---------------------- ##
## Running config.status. ##
## ---------------------- ##

This file was extended by check_interfaces config.status 1.4, which was
generated by GNU Autoconf 2.69.  Invocation command line was

  CONFIG_FILES    = 
  CONFIG_HEADERS  = 
  CONFIG_LINKS    = 
  CONFIG_COMMANDS = 
  $ ./config.status 

on icinga

config.status:732: creating Makefile

## ---------------- ##
## Cache variables. ##
## ---------------- ##

ac_cv_c_compiler_gnu=yes
ac_cv_env_CC_set=
ac_cv_env_CC_value=
ac_cv_env_CFLAGS_set=
ac_cv_env_CFLAGS_value=
ac_cv_env_CPPFLAGS_set=
ac_cv_env_CPPFLAGS_value=
ac_cv_env_CPP_set=
ac_cv_env_CPP_value=
ac_cv_env_LDFLAGS_set=
ac_cv_env_LDFLAGS_value=
ac_cv_env_LIBS_set=
ac_cv_env_LIBS_value=
ac_cv_env_build_alias_set=
ac_cv_env_build_alias_value=
ac_cv_env_host_alias_set=
ac_cv_env_host_alias_value=
ac_cv_env_target_alias_set=
ac_cv_env_target_alias_value=
ac_cv_header_inttypes_h=yes
ac_cv_header_memory_h=yes
ac_cv_header_net_snmp_net_snmp_config_h=yes
ac_cv_header_stdc=yes
ac_cv_header_stdint_h=yes
ac_cv_header_stdlib_h=yes
ac_cv_header_string_h=yes
ac_cv_header_strings_h=yes
ac_cv_header_sys_stat_h=yes
ac_cv_header_sys_types_h=yes
ac_cv_header_unistd_h=yes
ac_cv_lib_netsnmp_snmp_open=yes
ac_cv_objext=o
ac_cv_path_EGREP='/bin/grep -E'
ac_cv_path_GREP=/bin/grep
ac_cv_path_NETSNMPCONFIG=/usr/bin/net-snmp-config
ac_cv_path_install='/usr/bin/install -c'
ac_cv_prog_CPP='gcc -E'
ac_cv_prog_ac_ct_CC=gcc
ac_cv_prog_cc_c89=
ac_cv_prog_cc_g=yes
ac_cv_search_getaddrinfo='none required'
ac_cv_search_pow=-lm

## ----------------- ##
## Output variables. ##
## ----------------- ##

CC='gcc'
CFLAGS='-g -O2 -DNETSNMP_ENABLE_IPV6 -fno-strict-aliasing -g -O2 -fstack-protector-strong -Wformat -Werror=format-security -DNETSNMP_USE_INLINE -Ulinux -Dlinux=linux -D_REENTRANT -D_GNU_SOURCE -DDEBIAN -fwrapv -fno-strict-aliasing -pipe -I/usr/local/include -D_LARGEFILE_SOURCE -D_FILE_OFFSET_BITS=64 -I/usr/lib/x86_64-linux-gnu/perl/5.20/CORE -D_FORTIFY_SOURCE=2 -I. -I/usr/include'
CPP='gcc -E'
CPPFLAGS=''
DEFS='-DPACKAGE_NAME=\"check_interfaces\" -DPACKAGE_TARNAME=\"check_interfaces\" -DPACKAGE_VERSION=\"1.4\" -DPACKAGE_STRING=\"check_interfaces\ 1.4\" -DPACKAGE_BUGREPORT=\"\" -DPACKAGE_URL=\"\" -DSTDC_HEADERS=1 -DHAVE_SYS_TYPES_H=1 -DHAVE_SYS_STAT_H=1 -DHAVE_STDLIB_H=1 -DHAVE_STRING_H=1 -DHAVE_MEMORY_H=1 -DHAVE_STRINGS_H=1 -DHAVE_INTTYPES_H=1 -DHAVE_STDINT_H=1 -DHAVE_UNISTD_H=1 -DHAVE_NET_SNMP_NET_SNMP_CONFIG_H=1 -DHAVE_LIBNETSNMP=1 -DHAVE_POW=1 -DHAVE_GETADDRINFO=1'
ECHO_C=''
ECHO_N='-n'
ECHO_T=''
EGREP='/bin/grep -E'
EXEEXT=''
GREP='/bin/grep'
INSTALL_DATA='${INSTALL} -m 644'
INSTALL_PROGRAM='${INSTALL}'
INSTALL_SCRIPT='${INSTALL}'
LDFLAGS=''
LIBOBJS=''
LIBS='-lm -lnetsnmp '
LTLIBOBJS=''
NETSNMPCONFIG='/usr/bin/net-snmp-config'
OBJEXT='o'
PACKAGE_BUGREPORT=''
PACKAGE_NAME='check_interfaces'
PACKAGE_STRING='check_interfaces 1.4'
PACKAGE_TARNAME='check_interfaces'
PACKAGE_URL=''
PACKAGE_VERSION='1.4'
PATH_SEPARATOR=':'
SHELL='/bin/bash'
SNMP_LIBS='-Wl,-z,relro -Wl,-z,now -L/usr/lib/x86_64-linux-gnu -lnetsnmp -lcrypto -lm'
ac_ct_CC='gcc'
bindir='${exec_prefix}/bin'
build_alias=''
datadir='${datarootdir}'
datarootdir='${prefix}/share'
docdir='${datarootdir}/doc/${PACKAGE_TARNAME}'
dvidir='${docdir}'
exec_prefix='${prefix}'
host_alias=''
htmldir='${docdir}'
includedir='${prefix}/include'
infodir='${datarootdir}/info'
libdir='${exec_prefix}/lib'
libexecdir='${exec_prefix}/libexec'
localedir='${datarootdir}/locale'
localstatedir='${prefix}/var'
mandir='${datarootdir}/man'
oldincludedir='/usr/include'
pdfdir='${docdir}'
prefix='/usr/local/nagios'
program_transform_name='s,x,x,'
psdir='${docdir}'
sbindir='${exec_prefix}/sbin'
sharedstatedir='${prefix}/com'
sysconfdir='${prefix}/etc'
target_alias=''

## ----------- ##
## confdefs.h. ##
## ----------- ##

/* confdefs.h */
#define PACKAGE_NAME "check_interfaces"
#define PACKAGE_TARNAME "check_interfaces"
#define PACKAGE_VERSION "1.4"
#define PACKAGE_STRING "check_interfaces 1.4"
#define PACKAGE_BUGREPORT ""
#define PACKAGE_URL ""
#define STDC_HEADERS 1
#define HAVE_SYS_TYPES_H 1
#define HAVE_SYS_STAT_H 1
#define HAVE_STDLIB_H 1
#define HAVE_STRING_H 1
#define HAVE_MEMORY_H 1
#define HAVE_STRINGS_H 1
#define HAVE_INTTYPES_H 1
#define HAVE_STDINT_H 1
#define HAVE_UNISTD_H 1
#define HAVE_NET_SNMP_NET_SNMP_CONFIG_H 1
#define HAVE_LIBNETSNMP 1
#define HAVE_POW 1
#define HAVE_GETADDRINFO 1

configure: exit 0
